<?xml version="1.0" encoding="UTF-8"?>
<!-- Generated by org.testng.reporters.JUnitReportReporter -->
<testsuite hostname="LAPTOP-OMGVKFDD" failures="0" tests="1" name="com.udemy.java.test.DriverTest" time="0.000" errors="0" timestamp="02 nov 2021 17:24:10 GMT" skipped="1">
  <testcase classname="com.udemy.java.test.DriverTest" name="googleTest" time="0.000">
    <skipped/>
  </testcase> <!-- googleTest -->
</testsuite> <!-- com.udemy.java.test.DriverTest -->
