<?xml version="1.0" encoding="UTF-8"?>
<!-- Generated by org.testng.reporters.JUnitReportReporter -->
<testsuite hostname="LAPTOP-OMGVKFDD" failures="0" tests="5" name="com.udemy.java.test.CheckboxSelectionTest" time="0.000" errors="0" timestamp="02 nov 2021 17:24:10 GMT" skipped="5">
  <testcase classname="com.udemy.java.test.CheckboxSelectionTest" name="tableRowTest" time="0.000">
    <skipped/>
  </testcase> <!-- tableRowTest -->
  <testcase classname="com.udemy.java.test.CheckboxSelectionTest" name="tableRowTest" time="0.000">
    <skipped/>
  </testcase> <!-- tableRowTest -->
  <testcase classname="com.udemy.java.test.CheckboxSelectionTest" name="tableRowTest" time="0.000">
    <skipped/>
  </testcase> <!-- tableRowTest -->
  <testcase classname="com.udemy.java.test.CheckboxSelectionTest" name="tableRowTest" time="0.000">
    <skipped/>
  </testcase> <!-- tableRowTest -->
  <testcase classname="com.udemy.java.test.CheckboxSelectionTest" name="tableRowTest" time="0.000">
    <skipped/>
  </testcase> <!-- tableRowTest -->
</testsuite> <!-- com.udemy.java.test.CheckboxSelectionTest -->
